<?xml version="1.0" encoding="UTF-8" ?>
<testsuite errors="0" failures="0" hostname="Matss-MacBook-Air.local" name="webmock.filters.DeviceInfoFilterTest" tests="1" time="0.006" timestamp="2015-03-09T01:42:14">
  <properties>
    <property name="java.runtime.name" value="Java(TM) SE Runtime Environment" />
    <property name="sun.boot.library.path" value="/Library/Java/JavaVirtualMachines/jdk1.8.0_25.jdk/Contents/Home/jre/lib" />
    <property name="java.vm.version" value="25.25-b02" />
    <property name="user.country.format" value="CA" />
    <property name="gopherProxySet" value="false" />
    <property name="ant.version" value="Apache Ant(TM) version 1.8.3 compiled on February 26 2012" />
    <property name="ant.java.version" value="1.8" />
    <property name="java.vm.vendor" value="Oracle Corporation" />
    <property name="java.vendor.url" value="http://java.oracle.com/" />
    <property name="path.separator" value=":" />
    <property name="java.vm.name" value="Java HotSpot(TM) 64-Bit Server VM" />
    <property name="file.encoding.pkg" value="sun.io" />
    <property name="user.country" value="US" />
    <property name="sun.java.launcher" value="SUN_STANDARD" />
    <property name="sun.os.patch.level" value="unknown" />
    <property name="java.vm.specification.name" value="Java Virtual Machine Specification" />
    <property name="user.dir" value="/Users/matsljunggren/Workspace/web-mock" />
    <property name="java.runtime.version" value="1.8.0_25-b17" />
    <property name="java.awt.graphicsenv" value="sun.awt.CGraphicsEnvironment" />
    <property name="basedir" value="/Users/matsljunggren/Workspace/web-mock" />
    <property name="java.endorsed.dirs" value="/Library/Java/JavaVirtualMachines/jdk1.8.0_25.jdk/Contents/Home/jre/lib/endorsed" />
    <property name="os.arch" value="x86_64" />
    <property name="ant.project.default-target" value="" />
    <property name="java.io.tmpdir" value="/var/folders/hc/y55jyyrs1894_qwygm8nttf80000gn/T/" />
    <property name="ant.core.lib" value="/Users/matsljunggren/.m2/repository/org/apache/ant/ant/1.8.3/ant-1.8.3.jar" />
    <property name="line.separator" value="&#xa;" />
    <property name="java.vm.specification.vendor" value="Oracle Corporation" />
    <property name="os.name" value="Mac OS X" />
    <property name="ant.project.name" value="junit" />
    <property name="sun.jnu.encoding" value="UTF-8" />
    <property name="java.library.path" value="/Users/matsljunggren/Library/Java/Extensions:/Library/Java/Extensions:/Network/Library/Java/Extensions:/System/Library/Java/Extensions:/usr/lib/java:." />
    <property name="java.specification.name" value="Java Platform API Specification" />
    <property name="java.class.version" value="52.0" />
    <property name="sun.management.compiler" value="HotSpot 64-Bit Tiered Compilers" />
    <property name="os.version" value="10.10.2" />
    <property name="http.nonProxyHosts" value="local|*.local|169.254/16|*.169.254/16" />
    <property name="user.home" value="/Users/matsljunggren" />
    <property name="user.timezone" value="America/Montreal" />
    <property name="java.awt.printerjob" value="sun.lwawt.macosx.CPrinterJob" />
    <property name="java.specification.version" value="1.8" />
    <property name="file.encoding" value="UTF-8" />
    <property name="user.name" value="matsljunggren" />
    <property name="java.class.path" value="/Users/matsljunggren/Workspace/web-mock/target/test/classes:/Users/matsljunggren/Workspace/web-mock/target/test/resources:/Users/matsljunggren/Workspace/web-mock/target/classes:/Users/matsljunggren/Workspace/web-mock/target/resources:/Users/matsljunggren/.m2/repository/javax/servlet/servlet-api/2.5/servlet-api-2.5.jar:/Users/matsljunggren/.m2/repository/commons-logging/commons-logging/1.1.1/commons-logging-1.1.1.jar:/Users/matsljunggren/.m2/repository/info/cukes/cucumber-junit/1.1.5/cucumber-junit-1.1.5.jar:/Users/matsljunggren/.m2/repository/info/cukes/cucumber-java/1.1.5/cucumber-java-1.1.5.jar:/Users/matsljunggren/.m2/repository/info/cukes/cucumber-jvm-deps/1.0.3/cucumber-jvm-deps-1.0.3.jar:/Users/matsljunggren/.m2/repository/info/cukes/cucumber-core/1.1.5/cucumber-core-1.1.5.jar:/Users/matsljunggren/.m2/repository/info/cukes/gherkin/2.12.2/gherkin-2.12.2.jar:/Users/matsljunggren/.m2/repository/xmlpull/xmlpull/1.1.3.1/xmlpull-1.1.3.1.jar:/Users/matsljunggren/.m2/repository/dom4j/dom4j/1.6.1/dom4j-1.6.1.jar:/Users/matsljunggren/.m2/repository/org/jdom/jdom-legacy/1.1.3/jdom-legacy-1.1.3.jar:/Users/matsljunggren/.m2/repository/org/codehaus/woodstox/wstx-lgpl/3.2.6/wstx-lgpl-3.2.6.jar:/Users/matsljunggren/.m2/repository/cglib/cglib/3.1/cglib-3.1.jar:/Users/matsljunggren/.m2/repository/xom/xom/1.2.5/xom-1.2.5.jar:/Users/matsljunggren/.m2/repository/stax/stax/1.2.0_rc2-dev/stax-1.2.0_rc2-dev.jar:/Users/matsljunggren/.m2/repository/junit/junit/4.11/junit-4.11.jar:/Users/matsljunggren/.m2/repository/net/masterthought/cucumber-reporting/0.0.23/cucumber-reporting-0.0.23.jar:/Users/matsljunggren/.m2/repository/com/jayway/restassured/rest-assured/2.4.0/rest-assured-2.4.0.jar:/Users/matsljunggren/.m2/repository/org/codehaus/groovy/groovy/2.3.7/groovy-2.3.7.jar:/Users/matsljunggren/.m2/repository/org/codehaus/groovy/groovy-xml/2.3.7/groovy-xml-2.3.7.jar:/Users/matsljunggren/.m2/repository/org/apache/httpcomponents/httpclient/4.3.6/httpclient-4.3.6.jar:/Users/matsljunggren/.m2/repository/org/apache/httpcomponents/httpcore/4.3.3/httpcore-4.3.3.jar:/Users/matsljunggren/.m2/repository/commons-logging/commons-logging/1.1.3/commons-logging-1.1.3.jar:/Users/matsljunggren/.m2/repository/commons-codec/commons-codec/1.6/commons-codec-1.6.jar:/Users/matsljunggren/.m2/repository/org/apache/httpcomponents/httpmime/4.3.6/httpmime-4.3.6.jar:/Users/matsljunggren/.m2/repository/org/hamcrest/hamcrest-core/1.3/hamcrest-core-1.3.jar:/Users/matsljunggren/.m2/repository/org/hamcrest/hamcrest-library/1.3/hamcrest-library-1.3.jar:/Users/matsljunggren/.m2/repository/org/ccil/cowan/tagsoup/tagsoup/1.2.1/tagsoup-1.2.1.jar:/Users/matsljunggren/.m2/repository/com/jayway/restassured/json-path/2.4.0/json-path-2.4.0.jar:/Users/matsljunggren/.m2/repository/org/codehaus/groovy/groovy-json/2.3.7/groovy-json-2.3.7.jar:/Users/matsljunggren/.m2/repository/com/jayway/restassured/rest-assured-common/2.4.0/rest-assured-common-2.4.0.jar:/Users/matsljunggren/.m2/repository/org/apache/commons/commons-lang3/3.3.2/commons-lang3-3.3.2.jar:/Users/matsljunggren/.m2/repository/junit/junit/4.10/junit-4.10.jar:/Users/matsljunggren/.m2/repository/org/hamcrest/hamcrest-core/1.1/hamcrest-core-1.1.jar:/Users/matsljunggren/.m2/repository/com/jayway/restassured/xml-path/2.4.0/xml-path-2.4.0.jar:/Users/matsljunggren/Workspace/web-mock/src/lib/jsonwriter-1.0-SNAPSHOT.jar:/Users/matsljunggren/.m2/repository/junit/junit/4.8.2/junit-4.8.2.jar:/Users/matsljunggren/.m2/repository/org/jmock/jmock/2.5.1/jmock-2.5.1.jar:/Users/matsljunggren/.m2/repository/org/jmock/jmock-junit4/2.5.1/jmock-junit4-2.5.1.jar:/Users/matsljunggren/.m2/repository/org/hamcrest/hamcrest-library/1.1/hamcrest-library-1.1.jar:/Users/matsljunggren/.m2/repository/org/apache/ant/ant-launcher/1.8.3/ant-launcher-1.8.3.jar:/Users/matsljunggren/.m2/repository/org/apache/ant/ant/1.8.3/ant-1.8.3.jar:/Users/matsljunggren/.m2/repository/org/apache/ant/ant-junit/1.8.3/ant-junit-1.8.3.jar" />
    <property name="java.vm.specification.version" value="1.8" />
    <property name="sun.java.command" value="org.apache.tools.ant.taskdefs.optional.junit.JUnitTestRunner testsfile=/Users/matsljunggren/Workspace/web-mock/junittestcases4695902272759852914.properties filtertrace=true haltOnError=false haltOnFailure=false showoutput=false outputtoformatters=true logfailedtests=true logtestlistenerevents=false formatter=org.apache.tools.ant.taskdefs.optional.junit.PlainJUnitResultFormatter,/Users/matsljunggren/Workspace/web-mock/reports/junit/IGNORETHIS.txt formatter=org.apache.tools.ant.taskdefs.optional.junit.PlainJUnitResultFormatter formatter=org.apache.tools.ant.taskdefs.optional.junit.XMLJUnitResultFormatter,/Users/matsljunggren/Workspace/web-mock/reports/junit/IGNORETHIS.xml crashfile=/Users/matsljunggren/Workspace/web-mock/junitvmwatcher5780936452629680756.properties propsfile=/Users/matsljunggren/Workspace/web-mock/junit5541447162118163158.properties" />
    <property name="java.home" value="/Library/Java/JavaVirtualMachines/jdk1.8.0_25.jdk/Contents/Home/jre" />
    <property name="sun.arch.data.model" value="64" />
    <property name="java.specification.vendor" value="Oracle Corporation" />
    <property name="user.language" value="en" />
    <property name="awt.toolkit" value="sun.lwawt.macosx.LWCToolkit" />
    <property name="java.vm.info" value="mixed mode" />
    <property name="java.version" value="1.8.0_25" />
    <property name="java.ext.dirs" value="/Users/matsljunggren/Library/Java/Extensions:/Library/Java/JavaVirtualMachines/jdk1.8.0_25.jdk/Contents/Home/jre/lib/ext:/Library/Java/Extensions:/Network/Library/Java/Extensions:/System/Library/Java/Extensions:/usr/lib/java" />
    <property name="sun.boot.class.path" value="/Library/Java/JavaVirtualMachines/jdk1.8.0_25.jdk/Contents/Home/jre/lib/resources.jar:/Library/Java/JavaVirtualMachines/jdk1.8.0_25.jdk/Contents/Home/jre/lib/rt.jar:/Library/Java/JavaVirtualMachines/jdk1.8.0_25.jdk/Contents/Home/jre/lib/sunrsasign.jar:/Library/Java/JavaVirtualMachines/jdk1.8.0_25.jdk/Contents/Home/jre/lib/jsse.jar:/Library/Java/JavaVirtualMachines/jdk1.8.0_25.jdk/Contents/Home/jre/lib/jce.jar:/Library/Java/JavaVirtualMachines/jdk1.8.0_25.jdk/Contents/Home/jre/lib/charsets.jar:/Library/Java/JavaVirtualMachines/jdk1.8.0_25.jdk/Contents/Home/jre/lib/jfr.jar:/Library/Java/JavaVirtualMachines/jdk1.8.0_25.jdk/Contents/Home/jre/classes" />
    <property name="java.vendor" value="Oracle Corporation" />
    <property name="file.separator" value="/" />
    <property name="java.vendor.url.bug" value="http://bugreport.sun.com/bugreport/" />
    <property name="sun.cpu.endian" value="little" />
    <property name="sun.io.unicode.encoding" value="UnicodeBig" />
    <property name="baseDir" value="/Users/matsljunggren/Workspace/web-mock/target/test/classes" />
    <property name="socksNonProxyHosts" value="local|*.local|169.254/16|*.169.254/16" />
    <property name="ftp.nonProxyHosts" value="local|*.local|169.254/16|*.169.254/16" />
    <property name="sun.cpu.isalist" value="" />
  </properties>
  <testcase classname="webmock.filters.DeviceInfoFilterTest" name="test" time="0.001" />
  <system-out><![CDATA[]]></system-out>
  <system-err><![CDATA[]]></system-err>
</testsuite>
